<?xml version="1.0" encoding="UTF-8"?>
<testng-results ignored="0" total="1" passed="1" failed="0" skipped="0">
  <reporter-output>
  </reporter-output>
  <suite started-at="2025-02-13T23:21:57 IST" name="Default suite" finished-at="2025-02-13T23:22:03 IST" duration-ms="6295">
    <groups>
    </groups>
    <test started-at="2025-02-13T23:21:57 IST" name="Default test" finished-at="2025-02-13T23:22:03 IST" duration-ms="6295">
      <class name="testCases.TC007_FormAuth">
        <test-method is-config="true" signature="setUp()[pri:0, instance:testCases.TC007_FormAuth@31d0e481]" started-at="2025-02-13T23:21:57 IST" name="setUp" finished-at="2025-02-13T23:22:00 IST" duration-ms="2988" status="PASS">
          <reporter-output>
          </reporter-output>
        </test-method> <!-- setUp -->
        <test-method signature="validateFormAuthentication()[pri:0, instance:testCases.TC007_FormAuth@31d0e481]" started-at="2025-02-13T23:22:00 IST" name="validateFormAuthentication" finished-at="2025-02-13T23:22:03 IST" duration-ms="3112" status="PASS">
          <reporter-output>
          </reporter-output>
        </test-method> <!-- validateFormAuthentication -->
        <test-method is-config="true" signature="tearDown()[pri:0, instance:testCases.TC007_FormAuth@31d0e481]" started-at="2025-02-13T23:22:03 IST" name="tearDown" finished-at="2025-02-13T23:22:03 IST" duration-ms="147" status="PASS">
          <reporter-output>
          </reporter-output>
        </test-method> <!-- tearDown -->
      </class> <!-- testCases.TC007_FormAuth -->
    </test> <!-- Default test -->
  </suite> <!-- Default suite -->
</testng-results>
