<?xml version="1.0" encoding="UTF-8"?>
<testng-results ignored="0" total="1" passed="1" failed="0" skipped="0">
  <reporter-output>
  </reporter-output>
  <suite started-at="2025-02-04T08:12:03 IST" name="Default suite" finished-at="2025-02-04T08:12:07 IST" duration-ms="3743">
    <groups>
    </groups>
    <test started-at="2025-02-04T08:12:03 IST" name="Default test" finished-at="2025-02-04T08:12:07 IST" duration-ms="3743">
      <class name="testCases.TC004_DigestAuthentication">
        <test-method is-config="true" signature="setUp()[pri:0, instance:testCases.TC004_DigestAuthentication@31d0e481]" started-at="2025-02-04T08:12:03 IST" name="setUp" finished-at="2025-02-04T08:12:06 IST" duration-ms="2978" status="PASS">
          <reporter-output>
          </reporter-output>
        </test-method> <!-- setUp -->
        <test-method signature="digest_auth_validation()[pri:0, instance:testCases.TC004_DigestAuthentication@31d0e481]" started-at="2025-02-04T08:12:06 IST" name="digest_auth_validation" finished-at="2025-02-04T08:12:06 IST" duration-ms="483" status="PASS">
          <reporter-output>
          </reporter-output>
        </test-method> <!-- digest_auth_validation -->
        <test-method is-config="true" signature="tearDown()[pri:0, instance:testCases.TC004_DigestAuthentication@31d0e481]" started-at="2025-02-04T08:12:06 IST" name="tearDown" finished-at="2025-02-04T08:12:07 IST" duration-ms="207" status="PASS">
          <reporter-output>
          </reporter-output>
        </test-method> <!-- tearDown -->
      </class> <!-- testCases.TC004_DigestAuthentication -->
    </test> <!-- Default test -->
  </suite> <!-- Default suite -->
</testng-results>
